1745504024217	geckodriver	INFO	Listening on 127.0.0.1:44123
1745504024231	mozrunner::runner	INFO	Running command: MOZ_CRASHREPORTER="1" MOZ_CRASHREPORTER_NO_REPORT="1" MOZ_CRASHREPORTER_SHUTDOWN="1" "/home/nguyenvh/.cache/ ... te" "--remote-debugging-port" "36859" "--remote-allow-hosts" "localhost" "-no-remote" "-profile" "/tmp/rust_mozprofile3q2DfI"
console.warn: services.settings: Ignoring preference override of remote settings server
console.warn: services.settings: Allow by setting MOZ_REMOTE_SETTINGS_DEVTOOLS=1 in the environment
1745504024803	Marionette	INFO	Marionette enabled
1745504025200	Marionette	INFO	Listening on port 37313
WebDriver BiDi listening on ws://127.0.0.1:36859
Read port: 37313
1745504025429	RemoteAgent	WARN	TLS certificate errors will be ignored for this session
console.error: ({})
DevTools listening on ws://127.0.0.1:36859/devtools/browser/3cdf29a7-e553-4eb0-ba9b-015e404582f7
1745504027866	Marionette	INFO	Stopped listening on port 37313
console.error: services.settings: 
  Message: StorageError: Storage error: AbortError: IndexedDB: main/remote-permissions list() IndexedDB:  execute() A request was aborted, for example through a call to IDBTransaction.abort.
  Stack:
    StorageError@resource://services-settings/RemoteSettingsClient.sys.mjs:154:5
_adjustedError@resource://services-settings/RemoteSettingsClient.sys.mjs:947:14
maybeSync@resource://services-settings/RemoteSettingsClient.sys.mjs:835:38
observe@resource://gre/modules/AsyncShutdown.sys.mjs:569:17

console.error: services.settings: 
  main/third-party-cookie-blocking-exempt-urls Signature failed  [Exception... "<no message>"  nsresult: "0x8046001e (<unknown>)"  location: "JS frame :: resource://gre/modules/ServiceRequest.sys.mjs :: open :: line 126"  data: no]
console.error: services.settings: 
Object
  - prototype Object
    - columnNumber = 0
    - data = null
    - filename = resource://gre/modules/ServiceRequest.sys.mjs
    - lineNumber = 126
    - location = {"name":"open","filename":"resource://gre/modules/ServiceRequest.sys.mjs","sourceId":24,"lineNumber":126,"columnNumber":11,"asyncCause":null,"asyncCaller":null,"caller":{"filename":"resource://services-settings/Utils.sys.mjs","name":"fetch/<","sourceId":23,"lineNumber":268,"columnNumber":15,"asyncCause":null,"asyncCaller":null,"caller":{"filename":"resource://services-settings/Utils.sys.mjs","name":"fetch","sourceId":23,"lineNumber":219,"columnNumber":12,"asyncCause":null,"asyncCaller":null,"caller":{"filename":"resource://services-settings/RemoteSettingsClient.sys.mjs","name":"validateCollectionSignature","sourceId":21,"lineNumber":1023,"columnNumber":47,"asyncCause":null,"asyncCaller":null,"caller":{"filename":"resource://services-settings/RemoteSettingsClient.sys.mjs","name":"_importChanges","sourceId":21,"lineNumber":1102,"columnNumber":20,"asyncCause":null,"asyncCaller":null,"caller":{"filename":"resource://gre/modules/AsyncShutdown.sys.mjs","name":"observe","sourceId":14,"lineNumber":569,"columnNumber":17,"asyncCause":null,"asyncCaller":null,"caller":null,"formattedStack":"observe@resource://gre/modules/AsyncShutdown.sys.mjs:569:17\n","nativeSavedFrame":{}},"formattedStack":"_importChanges@resource://services-settings/RemoteSettingsClient.sys.mjs:1102:20\nobserve@resource://gre/modules/AsyncShutdown.sys.mjs:569:17\n","nativeSavedFrame":{}},"formattedStack":"validateCollectionSignature@resource://services-settings/RemoteSettingsClient.sys.mjs:1023:47\n_importChanges@resource://services-settings/RemoteSettingsClient.sys.mjs:1102:20\nobserve@resource://gre/modules/AsyncShutdown.sys.mjs:569:17\n","nativeSavedFrame":{}},"formattedStack":"fetch@resource://services-settings/Utils.sys.mjs:219:12\nvalidateCollectionSignature@resource://services-settings/RemoteSettingsClient.sys.mjs:1023:47\n_importChanges@resource://services-settings/RemoteSettingsClient.sys.mjs:1102:20\nobserve@resource://gre/modules/AsyncShutdown.sys.mjs:569:17\n","nativeSavedFrame":{}},"formattedStack":"fetch/<@resource://services-settings/Utils.sys.mjs:268:15\nfetch@resource://services-settings/Utils.sys.mjs:219:12\nvalidateCollectionSignature@resource://services-settings/RemoteSettingsClient.sys.mjs:1023:47\n_importChanges@resource://services-settings/RemoteSettingsClient.sys.mjs:1102:20\nobserve@resource://gre/modules/AsyncShutdown.sys.mjs:569:17\n","nativeSavedFrame":{}},"formattedStack":"open@resource://gre/modules/ServiceRequest.sys.mjs:126:11\nfetch/<@resource://services-settings/Utils.sys.mjs:268:15\nfetch@resource://services-settings/Utils.sys.mjs:219:12\nvalidateCollectionSignature@resource://services-settings/RemoteSettingsClient.sys.mjs:1023:47\n_importChanges@resource://services-settings/RemoteSettingsClient.sys.mjs:1102:20\nobserve@resource://gre/modules/AsyncShutdown.sys.mjs:569:17\n","nativeSavedFrame":{}}
    - message = 
    - name = 
    - result = 2152071198
    - stack = open@resource://gre/modules/ServiceRequest.sys.mjs:126:11|fetch/<@resource://services-settings/Utils.sys.mjs:268:15|fetch@resource://services-settings/Utils.sys.mjs:219:12|validateCollectionSignature@resource://services-settings/RemoteSettingsClient.sys.mjs:1023:47|_importChanges@resource://services-settings/RemoteSettingsClient.sys.mjs:1102:20|observe@resource://gre/modules/AsyncShutdown.sys.mjs:569:17|
  - prototype Object
